
[verilator] Generating C++ files...
Tue, 31 Oct 2023 14:14:40 +0800
0.06user 0.02system 0:00.14elapsed 60%CPU (0avgtext+0avgdata 24192maxresident)k
29560inputs+696outputs (169major+5503minor)pagefaults 0swaps

[g++] Compiling C++ files...
Tue, 31 Oct 2023 14:14:40 +0800
Command exited with non-zero status 2
2.09user 0.73system 0:02.85elapsed 99%CPU (0avgtext+0avgdata 125396maxresident)k
1144inputs+1760outputs (7major+183338minor)pagefaults 0swaps

[verilator] Generating C++ files...
Tue, 31 Oct 2023 14:16:12 +0800
0.06user 0.01system 0:00.10elapsed 73%CPU (0avgtext+0avgdata 23808maxresident)k
40inputs+704outputs (1major+5595minor)pagefaults 0swaps

[g++] Compiling C++ files...
Tue, 31 Oct 2023 14:16:13 +0800
7.21user 1.42system 0:08.76elapsed 98%CPU (0avgtext+0avgdata 222204maxresident)k
4256inputs+5160outputs (5major+482448minor)pagefaults 0swaps

[verilator] Generating C++ files...
Tue, 31 Oct 2023 15:03:51 +0800
Command exited with non-zero status 1
0.03user 0.01system 0:00.04elapsed 97%CPU (0avgtext+0avgdata 17024maxresident)k
0inputs+0outputs (0major+4702minor)pagefaults 0swaps

[verilator] Generating C++ files...
Tue, 31 Oct 2023 15:04:04 +0800
0.06user 0.01system 0:00.07elapsed 98%CPU (0avgtext+0avgdata 24064maxresident)k
0inputs+704outputs (0major+5559minor)pagefaults 0swaps

[g++] Compiling C++ files...
Tue, 31 Oct 2023 15:04:04 +0800
0.96user 0.27system 0:01.29elapsed 94%CPU (0avgtext+0avgdata 119216maxresident)k
272inputs+2512outputs (0major+82021minor)pagefaults 0swaps

[verilator] Generating C++ files...
Tue, 31 Oct 2023 22:51:57 +0800
Command exited with non-zero status 1
0.04user 0.02system 0:00.06elapsed 94%CPU (0avgtext+0avgdata 20224maxresident)k
768inputs+0outputs (1major+5382minor)pagefaults 0swaps

[verilator] Generating C++ files...
Tue, 31 Oct 2023 22:52:25 +0800
Command exited with non-zero status 1
0.05user 0.00system 0:00.06elapsed 98%CPU (0avgtext+0avgdata 22528maxresident)k
0inputs+0outputs (2major+5740minor)pagefaults 0swaps

[verilator] Generating C++ files...
Tue, 31 Oct 2023 22:53:48 +0800
Command exited with non-zero status 1
0.03user 0.02system 0:00.05elapsed 100%CPU (0avgtext+0avgdata 22656maxresident)k
0inputs+0outputs (0major+5742minor)pagefaults 0swaps

[verilator] Generating C++ files...
Tue, 31 Oct 2023 22:54:20 +0800
Command exited with non-zero status 1
0.03user 0.03system 0:00.06elapsed 100%CPU (0avgtext+0avgdata 22528maxresident)k
0inputs+0outputs (0major+5721minor)pagefaults 0swaps

[verilator] Generating C++ files...
Tue, 31 Oct 2023 22:54:33 +0800
Command exited with non-zero status 1
0.04user 0.01system 0:00.06elapsed 98%CPU (0avgtext+0avgdata 22656maxresident)k
0inputs+0outputs (0major+5736minor)pagefaults 0swaps

[verilator] Generating C++ files...
Tue, 31 Oct 2023 22:54:57 +0800
Command exited with non-zero status 1
0.04user 0.01system 0:00.06elapsed 98%CPU (0avgtext+0avgdata 22400maxresident)k
0inputs+0outputs (0major+5743minor)pagefaults 0swaps

[verilator] Generating C++ files...
Tue, 31 Oct 2023 22:55:08 +0800
Command exited with non-zero status 1
0.05user 0.01system 0:00.06elapsed 98%CPU (0avgtext+0avgdata 22528maxresident)k
0inputs+0outputs (0major+5738minor)pagefaults 0swaps

[verilator] Generating C++ files...
Tue, 31 Oct 2023 22:55:31 +0800
Command exited with non-zero status 1
0.04user 0.01system 0:00.06elapsed 98%CPU (0avgtext+0avgdata 22528maxresident)k
0inputs+0outputs (0major+5749minor)pagefaults 0swaps

[verilator] Generating C++ files...
Tue, 31 Oct 2023 22:55:43 +0800
Command exited with non-zero status 1
0.04user 0.01system 0:00.06elapsed 100%CPU (0avgtext+0avgdata 22528maxresident)k
0inputs+0outputs (0major+5757minor)pagefaults 0swaps

[verilator] Generating C++ files...
Tue, 31 Oct 2023 22:56:07 +0800
Command exited with non-zero status 1
0.04user 0.01system 0:00.06elapsed 98%CPU (0avgtext+0avgdata 22656maxresident)k
0inputs+0outputs (0major+5738minor)pagefaults 0swaps

[verilator] Generating C++ files...
Tue, 31 Oct 2023 22:56:24 +0800
Command exited with non-zero status 1
0.04user 0.01system 0:00.06elapsed 100%CPU (0avgtext+0avgdata 22528maxresident)k
0inputs+0outputs (0major+5755minor)pagefaults 0swaps

[verilator] Generating C++ files...
Tue, 31 Oct 2023 22:56:35 +0800
Command exited with non-zero status 1
0.04user 0.01system 0:00.06elapsed 98%CPU (0avgtext+0avgdata 22528maxresident)k
0inputs+0outputs (0major+5737minor)pagefaults 0swaps

[verilator] Generating C++ files...
Tue, 31 Oct 2023 22:56:46 +0800
Command exited with non-zero status 1
0.05user 0.00system 0:00.06elapsed 98%CPU (0avgtext+0avgdata 22528maxresident)k
0inputs+0outputs (0major+5754minor)pagefaults 0swaps

[verilator] Generating C++ files...
Tue, 31 Oct 2023 22:57:03 +0800
Command exited with non-zero status 1
0.04user 0.01system 0:00.06elapsed 100%CPU (0avgtext+0avgdata 22528maxresident)k
0inputs+0outputs (0major+5729minor)pagefaults 0swaps

[verilator] Generating C++ files...
Tue, 31 Oct 2023 22:57:13 +0800
Command exited with non-zero status 1
0.05user 0.01system 0:00.06elapsed 100%CPU (0avgtext+0avgdata 22400maxresident)k
0inputs+0outputs (0major+5732minor)pagefaults 0swaps

[verilator] Generating C++ files...
Tue, 31 Oct 2023 22:58:12 +0800
Command exited with non-zero status 1
0.04user 0.02system 0:00.06elapsed 98%CPU (0avgtext+0avgdata 22400maxresident)k
0inputs+0outputs (0major+5733minor)pagefaults 0swaps

[verilator] Generating C++ files...
Tue, 31 Oct 2023 22:59:14 +0800
Command exited with non-zero status 1
0.11user 0.01system 0:00.13elapsed 99%CPU (0avgtext+0avgdata 29056maxresident)k
0inputs+1392outputs (2major+6750minor)pagefaults 0swaps

[verilator] Generating C++ files...
Tue, 31 Oct 2023 22:59:31 +0800
0.11user 0.02system 0:00.13elapsed 99%CPU (0avgtext+0avgdata 29056maxresident)k
0inputs+1432outputs (0major+6757minor)pagefaults 0swaps

[g++] Compiling C++ files...
Tue, 31 Oct 2023 22:59:32 +0800
4.25user 0.97system 0:05.37elapsed 97%CPU (0avgtext+0avgdata 142724maxresident)k
1768inputs+4000outputs (0major+333516minor)pagefaults 0swaps
